Started GET "/" for 127.0.0.1 at 2017-07-18 09:11:38 -0700
DEPRECATION WARNING: #original_exception is deprecated. Use #cause instead. (called from initialize at /var/lib/gems/2.3.0/gems/better_errors-2.1.1/lib/better_errors/raised_exception.rb:7)
DEPRECATION WARNING: #original_exception is deprecated. Use #cause instead. (called from initialize at /var/lib/gems/2.3.0/gems/better_errors-2.1.1/lib/better_errors/raised_exception.rb:8)

PG::ConnectionBad - FATAL:  database "Rolover_development" does not exist
:
  pg (0.21.0) lib/pg.rb:56:in `connect'
  activerecord (5.0.4) lib/active_record/connection_adapters/postgresql_adapter.rb:671:in `connect'
  activerecord (5.0.4) lib/active_record/connection_adapters/postgresql_adapter.rb:217:in `initialize'
  activerecord (5.0.4) lib/active_record/connection_adapters/postgresql_adapter.rb:37:in `postgresql_connection'
  activerecord (5.0.4) lib/active_record/connection_adapters/abstract/connection_pool.rb:729:in `new_connection'
  activerecord (5.0.4) lib/active_record/connection_adapters/abstract/connection_pool.rb:773:in `checkout_new_connection'
  activerecord (5.0.4) lib/active_record/connection_adapters/abstract/connection_pool.rb:752:in `try_to_checkout_new_connection'
  activerecord (5.0.4) lib/active_record/connection_adapters/abstract/connection_pool.rb:713:in `acquire_connection'
  activerecord (5.0.4) lib/active_record/connection_adapters/abstract/connection_pool.rb:490:in `checkout'
  activerecord (5.0.4) lib/active_record/connection_adapters/abstract/connection_pool.rb:364:in `connection'
  activerecord (5.0.4) lib/active_record/connection_adapters/abstract/connection_pool.rb:883:in `retrieve_connection'
  activerecord (5.0.4) lib/active_record/connection_handling.rb:128:in `retrieve_connection'
  activerecord (5.0.4) lib/active_record/connection_handling.rb:91:in `connection'
  activerecord (5.0.4) lib/active_record/migration.rb:559:in `connection'
  activerecord (5.0.4) lib/active_record/migration.rb:546:in `call'
  actionpack (5.0.4) lib/action_dispatch/middleware/callbacks.rb:38:in `block in call'
  activesupport (5.0.4) lib/active_support/callbacks.rb:97:in `__run_callbacks__'
  activesupport (5.0.4) lib/active_support/callbacks.rb:750:in `_run_call_callbacks'
  activesupport (5.0.4) lib/active_support/callbacks.rb:90:in `run_callbacks'
  actionpack (5.0.4) lib/action_dispatch/middleware/callbacks.rb:36:in `call'
  actionpack (5.0.4) lib/action_dispatch/middleware/executor.rb:12:in `call'
  actionpack (5.0.4) lib/action_dispatch/middleware/remote_ip.rb:79:in `call'
  better_errors (2.1.1) lib/better_errors/middleware.rb:84:in `protected_app_call'
  better_errors (2.1.1) lib/better_errors/middleware.rb:79:in `better_errors_call'
  better_errors (2.1.1) lib/better_errors/middleware.rb:57:in `call'
  actionpack (5.0.4) lib/action_dispatch/middleware/debug_exceptions.rb:49:in `call'
  web-console (3.5.1) lib/web_console/middleware.rb:135:in `call_app'
  web-console (3.5.1) lib/web_console/middleware.rb:28:in `block in call'
  web-console (3.5.1) lib/web_console/middleware.rb:18:in `call'
  actionpack (5.0.4) lib/action_dispatch/middleware/show_exceptions.rb:31:in `call'
  railties (5.0.4) lib/rails/rack/logger.rb:36:in `call_app'
  railties (5.0.4) lib/rails/rack/logger.rb:24:in `block in call'
  activesupport (5.0.4) lib/active_support/tagged_logging.rb:69:in `block in tagged'
  activesupport (5.0.4) lib/active_support/tagged_logging.rb:26:in `tagged'
  activesupport (5.0.4) lib/active_support/tagged_logging.rb:69:in `tagged'
  railties (5.0.4) lib/rails/rack/logger.rb:24:in `call'
  sprockets-rails (3.2.0) lib/sprockets/rails/quiet_assets.rb:13:in `call'
  actionpack (5.0.4) lib/action_dispatch/middleware/request_id.rb:24:in `call'
  rack (2.0.3) lib/rack/method_override.rb:22:in `call'
  rack (2.0.3) lib/rack/runtime.rb:22:in `call'
  activesupport (5.0.4) lib/active_support/cache/strategy/local_cache_middleware.rb:28:in `call'
  actionpack (5.0.4) lib/action_dispatch/middleware/executor.rb:12:in `call'
  actionpack (5.0.4) lib/action_dispatch/middleware/static.rb:136:in `call'
  rack (2.0.3) lib/rack/sendfile.rb:111:in `call'
  railties (5.0.4) lib/rails/engine.rb:522:in `call'
  puma (3.9.1) lib/puma/configuration.rb:224:in `call'
  puma (3.9.1) lib/puma/server.rb:602:in `handle_request'
  puma (3.9.1) lib/puma/server.rb:435:in `process_client'
  puma (3.9.1) lib/puma/server.rb:299:in `block in run'
  puma (3.9.1) lib/puma/thread_pool.rb:120:in `block in spawn_thread'

Started POST "/__better_errors/a9ffeeaf7b21d0ed/variables" for 127.0.0.1 at 2017-07-18 09:11:40 -0700
Started GET "/" for 127.0.0.1 at 2017-07-18 09:12:54 -0700
DEPRECATION WARNING: #original_exception is deprecated. Use #cause instead. (called from initialize at /var/lib/gems/2.3.0/gems/better_errors-2.1.1/lib/better_errors/raised_exception.rb:7)
DEPRECATION WARNING: #original_exception is deprecated. Use #cause instead. (called from initialize at /var/lib/gems/2.3.0/gems/better_errors-2.1.1/lib/better_errors/raised_exception.rb:8)

PG::ConnectionBad - FATAL:  database "Rolover_development" does not exist
:
  pg (0.21.0) lib/pg.rb:56:in `connect'
  activerecord (5.0.4) lib/active_record/connection_adapters/postgresql_adapter.rb:671:in `connect'
  activerecord (5.0.4) lib/active_record/connection_adapters/postgresql_adapter.rb:217:in `initialize'
  activerecord (5.0.4) lib/active_record/connection_adapters/postgresql_adapter.rb:37:in `postgresql_connection'
  activerecord (5.0.4) lib/active_record/connection_adapters/abstract/connection_pool.rb:729:in `new_connection'
  activerecord (5.0.4) lib/active_record/connection_adapters/abstract/connection_pool.rb:773:in `checkout_new_connection'
  activerecord (5.0.4) lib/active_record/connection_adapters/abstract/connection_pool.rb:752:in `try_to_checkout_new_connection'
  activerecord (5.0.4) lib/active_record/connection_adapters/abstract/connection_pool.rb:713:in `acquire_connection'
  activerecord (5.0.4) lib/active_record/connection_adapters/abstract/connection_pool.rb:490:in `checkout'
  activerecord (5.0.4) lib/active_record/connection_adapters/abstract/connection_pool.rb:364:in `connection'
  activerecord (5.0.4) lib/active_record/connection_adapters/abstract/connection_pool.rb:883:in `retrieve_connection'
  activerecord (5.0.4) lib/active_record/connection_handling.rb:128:in `retrieve_connection'
  activerecord (5.0.4) lib/active_record/connection_handling.rb:91:in `connection'
  activerecord (5.0.4) lib/active_record/migration.rb:559:in `connection'
  activerecord (5.0.4) lib/active_record/migration.rb:546:in `call'
  actionpack (5.0.4) lib/action_dispatch/middleware/callbacks.rb:38:in `block in call'
  activesupport (5.0.4) lib/active_support/callbacks.rb:97:in `__run_callbacks__'
  activesupport (5.0.4) lib/active_support/callbacks.rb:750:in `_run_call_callbacks'
  activesupport (5.0.4) lib/active_support/callbacks.rb:90:in `run_callbacks'
  actionpack (5.0.4) lib/action_dispatch/middleware/callbacks.rb:36:in `call'
  actionpack (5.0.4) lib/action_dispatch/middleware/executor.rb:12:in `call'
  actionpack (5.0.4) lib/action_dispatch/middleware/remote_ip.rb:79:in `call'
  better_errors (2.1.1) lib/better_errors/middleware.rb:84:in `protected_app_call'
  better_errors (2.1.1) lib/better_errors/middleware.rb:79:in `better_errors_call'
  better_errors (2.1.1) lib/better_errors/middleware.rb:57:in `call'
  actionpack (5.0.4) lib/action_dispatch/middleware/debug_exceptions.rb:49:in `call'
  web-console (3.5.1) lib/web_console/middleware.rb:135:in `call_app'
  web-console (3.5.1) lib/web_console/middleware.rb:28:in `block in call'
  web-console (3.5.1) lib/web_console/middleware.rb:18:in `call'
  actionpack (5.0.4) lib/action_dispatch/middleware/show_exceptions.rb:31:in `call'
  railties (5.0.4) lib/rails/rack/logger.rb:36:in `call_app'
  railties (5.0.4) lib/rails/rack/logger.rb:24:in `block in call'
  activesupport (5.0.4) lib/active_support/tagged_logging.rb:69:in `block in tagged'
  activesupport (5.0.4) lib/active_support/tagged_logging.rb:26:in `tagged'
  activesupport (5.0.4) lib/active_support/tagged_logging.rb:69:in `tagged'
  railties (5.0.4) lib/rails/rack/logger.rb:24:in `call'
  sprockets-rails (3.2.0) lib/sprockets/rails/quiet_assets.rb:13:in `call'
  actionpack (5.0.4) lib/action_dispatch/middleware/request_id.rb:24:in `call'
  rack (2.0.3) lib/rack/method_override.rb:22:in `call'
  rack (2.0.3) lib/rack/runtime.rb:22:in `call'
  activesupport (5.0.4) lib/active_support/cache/strategy/local_cache_middleware.rb:28:in `call'
  actionpack (5.0.4) lib/action_dispatch/middleware/executor.rb:12:in `call'
  actionpack (5.0.4) lib/action_dispatch/middleware/static.rb:136:in `call'
  rack (2.0.3) lib/rack/sendfile.rb:111:in `call'
  railties (5.0.4) lib/rails/engine.rb:522:in `call'
  puma (3.9.1) lib/puma/configuration.rb:224:in `call'
  puma (3.9.1) lib/puma/server.rb:602:in `handle_request'
  puma (3.9.1) lib/puma/server.rb:435:in `process_client'
  puma (3.9.1) lib/puma/server.rb:299:in `block in run'
  puma (3.9.1) lib/puma/thread_pool.rb:120:in `block in spawn_thread'

Started POST "/__better_errors/af7f0310bc56ad48/variables" for 127.0.0.1 at 2017-07-18 09:12:55 -0700
Started GET "/" for 127.0.0.1 at 2017-07-18 09:12:56 -0700
DEPRECATION WARNING: #original_exception is deprecated. Use #cause instead. (called from initialize at /var/lib/gems/2.3.0/gems/better_errors-2.1.1/lib/better_errors/raised_exception.rb:7)
DEPRECATION WARNING: #original_exception is deprecated. Use #cause instead. (called from initialize at /var/lib/gems/2.3.0/gems/better_errors-2.1.1/lib/better_errors/raised_exception.rb:8)

PG::ConnectionBad - FATAL:  database "Rolover_development" does not exist
:
  pg (0.21.0) lib/pg.rb:56:in `connect'
  activerecord (5.0.4) lib/active_record/connection_adapters/postgresql_adapter.rb:671:in `connect'
  activerecord (5.0.4) lib/active_record/connection_adapters/postgresql_adapter.rb:217:in `initialize'
  activerecord (5.0.4) lib/active_record/connection_adapters/postgresql_adapter.rb:37:in `postgresql_connection'
  activerecord (5.0.4) lib/active_record/connection_adapters/abstract/connection_pool.rb:729:in `new_connection'
  activerecord (5.0.4) lib/active_record/connection_adapters/abstract/connection_pool.rb:773:in `checkout_new_connection'
  activerecord (5.0.4) lib/active_record/connection_adapters/abstract/connection_pool.rb:752:in `try_to_checkout_new_connection'
  activerecord (5.0.4) lib/active_record/connection_adapters/abstract/connection_pool.rb:713:in `acquire_connection'
  activerecord (5.0.4) lib/active_record/connection_adapters/abstract/connection_pool.rb:490:in `checkout'
  activerecord (5.0.4) lib/active_record/connection_adapters/abstract/connection_pool.rb:364:in `connection'
  activerecord (5.0.4) lib/active_record/connection_adapters/abstract/connection_pool.rb:883:in `retrieve_connection'
  activerecord (5.0.4) lib/active_record/connection_handling.rb:128:in `retrieve_connection'
  activerecord (5.0.4) lib/active_record/connection_handling.rb:91:in `connection'
  activerecord (5.0.4) lib/active_record/migration.rb:559:in `connection'
  activerecord (5.0.4) lib/active_record/migration.rb:546:in `call'
  actionpack (5.0.4) lib/action_dispatch/middleware/callbacks.rb:38:in `block in call'
  activesupport (5.0.4) lib/active_support/callbacks.rb:97:in `__run_callbacks__'
  activesupport (5.0.4) lib/active_support/callbacks.rb:750:in `_run_call_callbacks'
  activesupport (5.0.4) lib/active_support/callbacks.rb:90:in `run_callbacks'
  actionpack (5.0.4) lib/action_dispatch/middleware/callbacks.rb:36:in `call'
  actionpack (5.0.4) lib/action_dispatch/middleware/executor.rb:12:in `call'
  actionpack (5.0.4) lib/action_dispatch/middleware/remote_ip.rb:79:in `call'
  better_errors (2.1.1) lib/better_errors/middleware.rb:84:in `protected_app_call'
  better_errors (2.1.1) lib/better_errors/middleware.rb:79:in `better_errors_call'
  better_errors (2.1.1) lib/better_errors/middleware.rb:57:in `call'
  actionpack (5.0.4) lib/action_dispatch/middleware/debug_exceptions.rb:49:in `call'
  web-console (3.5.1) lib/web_console/middleware.rb:135:in `call_app'
  web-console (3.5.1) lib/web_console/middleware.rb:28:in `block in call'
  web-console (3.5.1) lib/web_console/middleware.rb:18:in `call'
  actionpack (5.0.4) lib/action_dispatch/middleware/show_exceptions.rb:31:in `call'
  railties (5.0.4) lib/rails/rack/logger.rb:36:in `call_app'
  railties (5.0.4) lib/rails/rack/logger.rb:24:in `block in call'
  activesupport (5.0.4) lib/active_support/tagged_logging.rb:69:in `block in tagged'
  activesupport (5.0.4) lib/active_support/tagged_logging.rb:26:in `tagged'
  activesupport (5.0.4) lib/active_support/tagged_logging.rb:69:in `tagged'
  railties (5.0.4) lib/rails/rack/logger.rb:24:in `call'
  sprockets-rails (3.2.0) lib/sprockets/rails/quiet_assets.rb:13:in `call'
  actionpack (5.0.4) lib/action_dispatch/middleware/request_id.rb:24:in `call'
  rack (2.0.3) lib/rack/method_override.rb:22:in `call'
  rack (2.0.3) lib/rack/runtime.rb:22:in `call'
  activesupport (5.0.4) lib/active_support/cache/strategy/local_cache_middleware.rb:28:in `call'
  actionpack (5.0.4) lib/action_dispatch/middleware/executor.rb:12:in `call'
  actionpack (5.0.4) lib/action_dispatch/middleware/static.rb:136:in `call'
  rack (2.0.3) lib/rack/sendfile.rb:111:in `call'
  railties (5.0.4) lib/rails/engine.rb:522:in `call'
  puma (3.9.1) lib/puma/configuration.rb:224:in `call'
  puma (3.9.1) lib/puma/server.rb:602:in `handle_request'
  puma (3.9.1) lib/puma/server.rb:435:in `process_client'
  puma (3.9.1) lib/puma/server.rb:299:in `block in run'
  puma (3.9.1) lib/puma/thread_pool.rb:120:in `block in spawn_thread'

Started POST "/__better_errors/853a77ce4063341d/variables" for 127.0.0.1 at 2017-07-18 09:12:56 -0700
Started GET "/" for 127.0.0.1 at 2017-07-18 09:13:10 -0700
Processing by StaticPagesController#root as HTML
  Rendering static_pages/root.html.erb within layouts/application
  Rendered static_pages/root.html.erb within layouts/application (2.1ms)
Completed 200 OK in 1018ms (Views: 1015.8ms | ActiveRecord: 0.0ms)


